# JRE version: Java(TM) SE Runtime Environment (8.0_211-b12) (build 1.8.0_211-b12)
# Java VM: Java HotSpot(TM) 64-Bit Server VM (25.211-b12 mixed mode windows-amd64 compressed oops)
Heap:
 PSYoungGen      total 152064K, used 35098K [0x00000000eb500000, 0x00000000f8500000, 0x0000000100000000)
  eden space 139776K, 16% used [0x00000000eb500000,0x00000000ecb4d0b0,0x00000000f3d80000)
  from space 12288K, 99% used [0x00000000f3d80000,0x00000000f4979b00,0x00000000f4980000)
  to   space 16384K, 0% used [0x00000000f7500000,0x00000000f7500000,0x00000000f8500000)
 ParOldGen       total 56320K, used 24783K [0x00000000c1e00000, 0x00000000c5500000, 0x00000000eb500000)
  object space 56320K, 44% used [0x00000000c1e00000,0x00000000c3633f38,0x00000000c5500000)
 Metaspace       used 48734K, capacity 51284K, committed 51456K, reserved 1093632K
  class space    used 6925K, capacity 7396K, committed 7424K, reserved 1048576K
GC Heap History (10 events):
Event: 1.915 GC heap before
{Heap before GC invocations=9 (full 1):
 PSYoungGen      total 71680K, used 64512K [0x00000000eb500000, 0x00000000f4100000, 0x0000000100000000)
  eden space 64512K, 100% used [0x00000000eb500000,0x00000000ef400000,0x00000000ef400000)
  from space 7168K, 0% used [0x00000000ef400000,0x00000000ef400000,0x00000000efb00000)
  to   space 7168K, 0% used [0x00000000f3a00000,0x00000000f3a00000,0x00000000f4100000)
 ParOldGen       total 35328K, used 10127K [0x00000000c1e00000, 0x00000000c4080000, 0x00000000eb500000)
  object space 35328K, 28% used [0x00000000c1e00000,0x00000000c27e3e20,0x00000000c4080000)
 Metaspace       used 22763K, capacity 23594K, committed 23936K, reserved 1069056K
  class space    used 3097K, capacity 3333K, committed 3456K, reserved 1048576K
Event: 1.920 GC heap after
Heap after GC invocations=9 (full 1):
 PSYoungGen      total 110592K, used 4930K [0x00000000eb500000, 0x00000000f3f00000, 0x0000000100000000)
  eden space 105472K, 0% used [0x00000000eb500000,0x00000000eb500000,0x00000000f1c00000)
  from space 5120K, 96% used [0x00000000f3a00000,0x00000000f3ed08d8,0x00000000f3f00000)
  to   space 7168K, 0% used [0x00000000f3100000,0x00000000f3100000,0x00000000f3800000)
 ParOldGen       total 35328K, used 10135K [0x00000000c1e00000, 0x00000000c4080000, 0x00000000eb500000)
  object space 35328K, 28% used [0x00000000c1e00000,0x00000000c27e5e20,0x00000000c4080000)
 Metaspace       used 22763K, capacity 23594K, committed 23936K, reserved 1069056K
  class space    used 3097K, capacity 3333K, committed 3456K, reserved 1048576K
}
Event: 2.766 GC heap before
{Heap before GC invocations=10 (full 1):
 PSYoungGen      total 110592K, used 110399K [0x00000000eb500000, 0x00000000f3f00000, 0x0000000100000000)
  eden space 105472K, 99% used [0x00000000eb500000,0x00000000f1bff5d0,0x00000000f1c00000)
  from space 5120K, 96% used [0x00000000f3a00000,0x00000000f3ed08d8,0x00000000f3f00000)
  to   space 7168K, 0% used [0x00000000f3100000,0x00000000f3100000,0x00000000f3800000)
 ParOldGen       total 35328K, used 10135K [0x00000000c1e00000, 0x00000000c4080000, 0x00000000eb500000)
  object space 35328K, 28% used [0x00000000c1e00000,0x00000000c27e5e20,0x00000000c4080000)
 Metaspace       used 28569K, capacity 30152K, committed 30464K, reserved 1075200K
  class space    used 3946K, capacity 4273K, committed 4352K, reserved 1048576K
Event: 2.779 GC heap after
Heap after GC invocations=10 (full 1):
 PSYoungGen      total 134144K, used 7155K [0x00000000eb500000, 0x00000000f5300000, 0x0000000100000000)
  eden space 126976K, 0% used [0x00000000eb500000,0x00000000eb500000,0x00000000f3100000)
  from space 7168K, 99% used [0x00000000f3100000,0x00000000f37fce58,0x00000000f3800000)
  to   space 9728K, 0% used [0x00000000f4980000,0x00000000f4980000,0x00000000f5300000)
 ParOldGen       total 35328K, used 14401K [0x00000000c1e00000, 0x00000000c4080000, 0x00000000eb500000)
  object space 35328K, 40% used [0x00000000c1e00000,0x00000000c2c107f0,0x00000000c4080000)
 Metaspace       used 28569K, capacity 30152K, committed 30464K, reserved 1075200K
  class space    used 3946K, capacity 4273K, committed 4352K, reserved 1048576K
}
Event: 3.334 GC heap before
{Heap before GC invocations=11 (full 1):
 PSYoungGen      total 134144K, used 94765K [0x00000000eb500000, 0x00000000f5300000, 0x0000000100000000)
  eden space 126976K, 68% used [0x00000000eb500000,0x00000000f0a8e5d0,0x00000000f3100000)
  from space 7168K, 99% used [0x00000000f3100000,0x00000000f37fce58,0x00000000f3800000)
  to   space 9728K, 0% used [0x00000000f4980000,0x00000000f4980000,0x00000000f5300000)
 ParOldGen       total 35328K, used 14401K [0x00000000c1e00000, 0x00000000c4080000, 0x00000000eb500000)
  object space 35328K, 40% used [0x00000000c1e00000,0x00000000c2c107f0,0x00000000c4080000)
 Metaspace       used 33617K, capacity 35336K, committed 35416K, reserved 1079296K
  class space    used 4522K, capacity 4841K, committed 4864K, reserved 1048576K
Event: 3.366 GC heap after
Heap after GC invocations=11 (full 1):
 PSYoungGen      total 149504K, used 9698K [0x00000000eb500000, 0x00000000f7480000, 0x0000000100000000)
  eden space 139776K, 0% used [0x00000000eb500000,0x00000000eb500000,0x00000000f3d80000)
  from space 9728K, 99% used [0x00000000f4980000,0x00000000f52f8bf0,0x00000000f5300000)
  to   space 12288K, 0% used [0x00000000f3d80000,0x00000000f3d80000,0x00000000f4980000)
 ParOldGen       total 35328K, used 18314K [0x00000000c1e00000, 0x00000000c4080000, 0x00000000eb500000)
  object space 35328K, 51% used [0x00000000c1e00000,0x00000000c2fe2a38,0x00000000c4080000)
 Metaspace       used 33617K, capacity 35336K, committed 35416K, reserved 1079296K
  class space    used 4522K, capacity 4841K, committed 4864K, reserved 1048576K
}
Event: 3.367 GC heap before
{Heap before GC invocations=12 (full 2):
 PSYoungGen      total 149504K, used 9698K [0x00000000eb500000, 0x00000000f7480000, 0x0000000100000000)
  eden space 139776K, 0% used [0x00000000eb500000,0x00000000eb500000,0x00000000f3d80000)
  from space 9728K, 99% used [0x00000000f4980000,0x00000000f52f8bf0,0x00000000f5300000)
  to   space 12288K, 0% used [0x00000000f3d80000,0x00000000f3d80000,0x00000000f4980000)
 ParOldGen       total 35328K, used 18314K [0x00000000c1e00000, 0x00000000c4080000, 0x00000000eb500000)
  object space 35328K, 51% used [0x00000000c1e00000,0x00000000c2fe2a38,0x00000000c4080000)
 Metaspace       used 33617K, capacity 35336K, committed 35416K, reserved 1079296K
  class space    used 4522K, capacity 4841K, committed 4864K, reserved 1048576K
Event: 3.474 GC heap after
Heap after GC invocations=12 (full 2):
 PSYoungGen      total 149504K, used 0K [0x00000000eb500000, 0x00000000f7480000, 0x0000000100000000)
  eden space 139776K, 0% used [0x00000000eb500000,0x00000000eb500000,0x00000000f3d80000)
  from space 9728K, 0% used [0x00000000f4980000,0x00000000f4980000,0x00000000f5300000)
  to   space 12288K, 0% used [0x00000000f3d80000,0x00000000f3d80000,0x00000000f4980000)
 ParOldGen       total 56320K, used 18318K [0x00000000c1e00000, 0x00000000c5500000, 0x00000000eb500000)
  object space 56320K, 32% used [0x00000000c1e00000,0x00000000c2fe3a58,0x00000000c5500000)
 Metaspace       used 33617K, capacity 35336K, committed 35416K, reserved 1079296K
  class space    used 4522K, capacity 4841K, committed 4864K, reserved 1048576K
}
Event: 5.087 GC heap before
{Heap before GC invocations=13 (full 2):
 PSYoungGen      total 149504K, used 139776K [0x00000000eb500000, 0x00000000f7480000, 0x0000000100000000)
  eden space 139776K, 100% used [0x00000000eb500000,0x00000000f3d80000,0x00000000f3d80000)
  from space 9728K, 0% used [0x00000000f4980000,0x00000000f4980000,0x00000000f5300000)
  to   space 12288K, 0% used [0x00000000f3d80000,0x00000000f3d80000,0x00000000f4980000)
 ParOldGen       total 56320K, used 18318K [0x00000000c1e00000, 0x00000000c5500000, 0x00000000eb500000)
  object space 56320K, 32% used [0x00000000c1e00000,0x00000000c2fe3a58,0x00000000c5500000)
 Metaspace       used 48134K, capacity 50656K, committed 50944K, reserved 1093632K
  class space    used 6826K, capacity 7306K, committed 7424K, reserved 1048576K
Event: 5.112 GC heap after
Heap after GC invocations=13 (full 2):
 PSYoungGen      total 152064K, used 12262K [0x00000000eb500000, 0x00000000f8500000, 0x0000000100000000)
  eden space 139776K, 0% used [0x00000000eb500000,0x00000000eb500000,0x00000000f3d80000)
  from space 12288K, 99% used [0x00000000f3d80000,0x00000000f4979b00,0x00000000f4980000)
  to   space 16384K, 0% used [0x00000000f7500000,0x00000000f7500000,0x00000000f8500000)
 ParOldGen       total 56320K, used 24783K [0x00000000c1e00000, 0x00000000c5500000, 0x00000000eb500000)
  object space 56320K, 44% used [0x00000000c1e00000,0x00000000c3633f38,0x00000000c5500000)
 Metaspace       used 48134K, capacity 50656K, committed 50944K, reserved 1093632K
  class space    used 6826K, capacity 7306K, committed 7424K, reserved 1048576K
}

